<?xml version="1.0" encoding="UTF-8"?>
<coverage generated="1766413970171" clover="3.2.0">
  <project timestamp="1766413970171" name="All files">
    <metrics statements="51" coveredstatements="40" conditionals="13" coveredconditionals="6" methods="15" coveredmethods="10" elements="79" coveredelements="56" complexity="0" loc="51" ncloc="51" packages="7" files="9" classes="9"/>
    <package name="src">
      <metrics statements="2" coveredstatements="2" conditionals="0" coveredconditionals="0" methods="1" coveredmethods="1"/>
      <file name="GifsApp.tsx" path="/home/martin/Code/React-Course/gifs-app/src/GifsApp.tsx">
        <metrics statements="2" coveredstatements="2" conditionals="0" coveredconditionals="0" methods="1" coveredmethods="1"/>
        <line num="7" count="1" type="stmt"/>
        <line num="8" count="1" type="stmt"/>
      </file>
    </package>
    <package name="src.gifs.actions">
      <metrics statements="6" coveredstatements="6" conditionals="0" coveredconditionals="0" methods="2" coveredmethods="2"/>
      <file name="get-gifs-by-query.actions.ts" path="/home/martin/Code/React-Course/gifs-app/src/gifs/actions/get-gifs-by-query.actions.ts">
        <metrics statements="6" coveredstatements="6" conditionals="0" coveredconditionals="0" methods="2" coveredmethods="2"/>
        <line num="5" count="3" type="stmt"/>
        <line num="6" count="2" type="stmt"/>
        <line num="7" count="2" type="stmt"/>
        <line num="14" count="1" type="stmt"/>
        <line num="22" count="1" type="stmt"/>
        <line num="23" count="1" type="stmt"/>
      </file>
    </package>
    <package name="src.gifs.api">
      <metrics statements="1" coveredstatements="1" conditionals="0" coveredconditionals="0" methods="0" coveredmethods="0"/>
      <file name="giphy.ts" path="/home/martin/Code/React-Course/gifs-app/src/gifs/api/giphy.ts">
        <metrics statements="1" coveredstatements="1" conditionals="0" coveredconditionals="0" methods="0" coveredmethods="0"/>
        <line num="3" count="4" type="stmt"/>
      </file>
    </package>
    <package name="src.gifs.components">
      <metrics statements="3" coveredstatements="2" conditionals="0" coveredconditionals="0" methods="3" coveredmethods="2"/>
      <file name="GifList.tsx" path="/home/martin/Code/React-Course/gifs-app/src/gifs/components/GifList.tsx">
        <metrics statements="1" coveredstatements="1" conditionals="0" coveredconditionals="0" methods="1" coveredmethods="1"/>
        <line num="7" count="1" type="stmt"/>
      </file>
      <file name="PreviousSearch.tsx" path="/home/martin/Code/React-Course/gifs-app/src/gifs/components/PreviousSearch.tsx">
        <metrics statements="2" coveredstatements="1" conditionals="0" coveredconditionals="0" methods="2" coveredmethods="1"/>
        <line num="6" count="1" type="stmt"/>
        <line num="15" count="0" type="stmt"/>
      </file>
    </package>
    <package name="src.gifs.hooks">
      <metrics statements="22" coveredstatements="22" conditionals="6" coveredconditionals="5" methods="3" coveredmethods="3"/>
      <file name="useGifs.tsx" path="/home/martin/Code/React-Course/gifs-app/src/gifs/hooks/useGifs.tsx">
        <metrics statements="22" coveredstatements="22" conditionals="6" coveredconditionals="5" methods="3" coveredmethods="3"/>
        <line num="8" count="2" type="stmt"/>
        <line num="10" count="21" type="stmt"/>
        <line num="13" count="21" type="stmt"/>
        <line num="16" count="21" type="stmt"/>
        <line num="19" count="21" type="stmt"/>
        <line num="20" count="2" type="cond" truecount="2" falsecount="0"/>
        <line num="21" count="1" type="stmt"/>
        <line num="22" count="1" type="stmt"/>
        <line num="25" count="1" type="stmt"/>
        <line num="26" count="1" type="stmt"/>
        <line num="29" count="1" type="stmt"/>
        <line num="30" count="1" type="stmt"/>
        <line num="34" count="21" type="stmt"/>
        <line num="36" count="13" type="stmt"/>
        <line num="39" count="13" type="cond" truecount="1" falsecount="1"/>
        <line num="42" count="13" type="cond" truecount="2" falsecount="0"/>
        <line num="45" count="12" type="stmt"/>
        <line num="48" count="12" type="stmt"/>
        <line num="49" count="12" type="stmt"/>
        <line num="52" count="12" type="stmt"/>
        <line num="53" count="12" type="stmt"/>
        <line num="56" count="21" type="stmt"/>
      </file>
    </package>
    <package name="src.shared.components">
      <metrics statements="16" coveredstatements="6" conditionals="7" coveredconditionals="1" methods="6" coveredmethods="2"/>
      <file name="CustomHeader.tsx" path="/home/martin/Code/React-Course/gifs-app/src/shared/components/CustomHeader.tsx">
        <metrics statements="1" coveredstatements="1" conditionals="0" coveredconditionals="0" methods="1" coveredmethods="1"/>
        <line num="6" count="2" type="stmt"/>
      </file>
      <file name="SearchBar.tsx" path="/home/martin/Code/React-Course/gifs-app/src/shared/components/SearchBar.tsx">
        <metrics statements="15" coveredstatements="5" conditionals="7" coveredconditionals="1" methods="5" coveredmethods="1"/>
        <line num="9" count="1" type="stmt"/>
        <line num="13" count="1" type="stmt"/>
        <line num="14" count="1" type="stmt"/>
        <line num="28" count="1" type="stmt"/>
        <line num="30" count="0" type="stmt"/>
        <line num="33" count="0" type="cond" truecount="0" falsecount="2"/>
        <line num="36" count="0" type="cond" truecount="0" falsecount="2"/>
        <line num="39" count="0" type="stmt"/>
        <line num="41" count="0" type="stmt"/>
        <line num="42" count="0" type="stmt"/>
        <line num="44" count="1" type="stmt"/>
        <line num="45" count="0" type="cond" truecount="0" falsecount="2"/>
        <line num="46" count="0" type="stmt"/>
        <line num="56" count="0" type="stmt"/>
        <line num="59" count="0" type="stmt"/>
      </file>
    </package>
    <package name="src.tests.mocks">
      <metrics statements="1" coveredstatements="1" conditionals="0" coveredconditionals="0" methods="0" coveredmethods="0"/>
      <file name="giphy.mock.ts" path="/home/martin/Code/React-Course/gifs-app/src/tests/mocks/giphy.mock.ts">
        <metrics statements="1" coveredstatements="1" conditionals="0" coveredconditionals="0" methods="0" coveredmethods="0"/>
        <line num="1" count="1" type="stmt"/>
      </file>
    </package>
  </project>
</coverage>
