{"/home/martin/Code/React-Course/gifs-app/src/GifsApp.tsx": {"path":"/home/martin/Code/React-Course/gifs-app/src/GifsApp.tsx","statementMap":{"0":{"start":{"line":7,"column":23},"end":{"line":31,"column":null}},"1":{"start":{"line":8,"column":61},"end":{"line":8,"column":null}}},"fnMap":{"0":{"name":"(anonymous_0)","decl":{"start":{"line":7,"column":23},"end":{"line":7,"column":null}},"loc":{"start":{"line":7,"column":23},"end":{"line":31,"column":null}},"line":7}},"branchMap":{},"s":{"0":1,"1":1},"f":{"0":1},"b":{},"meta":{"lastBranch":0,"lastFunction":1,"lastStatement":2,"seen":{"s:7:23:31:Infinity":0,"f:7:23:7:Infinity":0,"s:8:61:8:Infinity":1}}}
,"/home/martin/Code/React-Course/gifs-app/src/gifs/actions/get-gifs-by-query.actions.ts": {"path":"/home/martin/Code/React-Course/gifs-app/src/gifs/actions/get-gifs-by-query.actions.ts","statementMap":{"0":{"start":{"line":5,"column":30},"end":{"line":25,"column":null}},"1":{"start":{"line":6,"column":2},"end":{"line":24,"column":null}},"2":{"start":{"line":7,"column":21},"end":{"line":12,"column":null}},"3":{"start":{"line":14,"column":4},"end":{"line":20,"column":null}},"4":{"start":{"line":14,"column":44},"end":{"line":20,"column":null}},"5":{"start":{"line":22,"column":4},"end":{"line":22,"column":null}},"6":{"start":{"line":23,"column":4},"end":{"line":23,"column":null}}},"fnMap":{"0":{"name":"(anonymous_0)","decl":{"start":{"line":5,"column":30},"end":{"line":5,"column":37}},"loc":{"start":{"line":5,"column":37},"end":{"line":25,"column":null}},"line":5},"1":{"name":"(anonymous_1)","decl":{"start":{"line":14,"column":34},"end":{"line":14,"column":35}},"loc":{"start":{"line":14,"column":44},"end":{"line":20,"column":null}},"line":14}},"branchMap":{},"s":{"0":3,"1":2,"2":2,"3":1,"4":1,"5":1,"6":1},"f":{"0":2,"1":1},"b":{},"meta":{"lastBranch":0,"lastFunction":2,"lastStatement":7,"seen":{"s:5:30:25:Infinity":0,"f:5:30:5:37":0,"s:6:2:24:Infinity":1,"s:7:21:12:Infinity":2,"s:14:4:20:Infinity":3,"f:14:34:14:35":1,"s:14:44:20:Infinity":4,"s:22:4:22:Infinity":5,"s:23:4:23:Infinity":6}}}
,"/home/martin/Code/React-Course/gifs-app/src/gifs/api/giphy.ts": {"path":"/home/martin/Code/React-Course/gifs-app/src/gifs/api/giphy.ts","statementMap":{"0":{"start":{"line":3,"column":24},"end":{"line":9,"column":null}}},"fnMap":{},"branchMap":{},"s":{"0":4},"f":{},"b":{},"meta":{"lastBranch":0,"lastFunction":0,"lastStatement":1,"seen":{"s:3:24:9:Infinity":0}}}
,"/home/martin/Code/React-Course/gifs-app/src/gifs/components/GifList.tsx": {"path":"/home/martin/Code/React-Course/gifs-app/src/gifs/components/GifList.tsx","statementMap":{"0":{"start":{"line":7,"column":23},"end":{"line":21,"column":null}}},"fnMap":{"0":{"name":"(anonymous_0)","decl":{"start":{"line":7,"column":23},"end":{"line":7,"column":24}},"loc":{"start":{"line":7,"column":46},"end":{"line":21,"column":null}},"line":7}},"branchMap":{},"s":{"0":1},"f":{"0":1},"b":{},"meta":{"lastBranch":0,"lastFunction":1,"lastStatement":1,"seen":{"s:7:23:21:Infinity":0,"f:7:23:7:24":0}}}
,"/home/martin/Code/React-Course/gifs-app/src/gifs/components/PreviousSearch.tsx": {"path":"/home/martin/Code/React-Course/gifs-app/src/gifs/components/PreviousSearch.tsx","statementMap":{"0":{"start":{"line":6,"column":30},"end":{"line":22,"column":null}},"1":{"start":{"line":15,"column":42},"end":{"line":15,"column":null}}},"fnMap":{"0":{"name":"(anonymous_0)","decl":{"start":{"line":6,"column":30},"end":{"line":6,"column":31}},"loc":{"start":{"line":9,"column":22},"end":{"line":22,"column":null}},"line":9},"1":{"name":"(anonymous_1)","decl":{"start":{"line":15,"column":36},"end":{"line":15,"column":42}},"loc":{"start":{"line":15,"column":42},"end":{"line":15,"column":null}},"line":15}},"branchMap":{},"s":{"0":1,"1":0},"f":{"0":1,"1":0},"b":{},"meta":{"lastBranch":0,"lastFunction":2,"lastStatement":2,"seen":{"s:6:30:22:Infinity":0,"f:6:30:6:31":0,"f:15:36:15:42":1,"s:15:42:15:Infinity":1}}}
,"/home/martin/Code/React-Course/gifs-app/src/gifs/hooks/useGifs.tsx": {"path":"/home/martin/Code/React-Course/gifs-app/src/gifs/hooks/useGifs.tsx","statementMap":{"0":{"start":{"line":8,"column":23},"end":{"line":65,"column":null}},"1":{"start":{"line":10,"column":23},"end":{"line":10,"column":null}},"2":{"start":{"line":13,"column":47},"end":{"line":13,"column":null}},"3":{"start":{"line":16,"column":8},"end":{"line":16,"column":null}},"4":{"start":{"line":19,"column":22},"end":{"line":31,"column":null}},"5":{"start":{"line":20,"column":4},"end":{"line":23,"column":null}},"6":{"start":{"line":21,"column":6},"end":{"line":21,"column":null}},"7":{"start":{"line":22,"column":6},"end":{"line":22,"column":null}},"8":{"start":{"line":25,"column":17},"end":{"line":25,"column":null}},"9":{"start":{"line":26,"column":4},"end":{"line":26,"column":null}},"10":{"start":{"line":29,"column":4},"end":{"line":29,"column":null}},"11":{"start":{"line":30,"column":4},"end":{"line":30,"column":null}},"12":{"start":{"line":34,"column":23},"end":{"line":54,"column":null}},"13":{"start":{"line":36,"column":4},"end":{"line":36,"column":null}},"14":{"start":{"line":39,"column":4},"end":{"line":39,"column":null}},"15":{"start":{"line":39,"column":29},"end":{"line":39,"column":null}},"16":{"start":{"line":42,"column":4},"end":{"line":42,"column":null}},"17":{"start":{"line":42,"column":43},"end":{"line":42,"column":null}},"18":{"start":{"line":45,"column":4},"end":{"line":45,"column":null}},"19":{"start":{"line":48,"column":17},"end":{"line":48,"column":null}},"20":{"start":{"line":49,"column":4},"end":{"line":49,"column":null}},"21":{"start":{"line":52,"column":4},"end":{"line":52,"column":null}},"22":{"start":{"line":53,"column":4},"end":{"line":53,"column":null}},"23":{"start":{"line":56,"column":2},"end":{"line":64,"column":null}}},"fnMap":{"0":{"name":"(anonymous_0)","decl":{"start":{"line":8,"column":23},"end":{"line":8,"column":null}},"loc":{"start":{"line":8,"column":23},"end":{"line":65,"column":null}},"line":8},"1":{"name":"(anonymous_1)","decl":{"start":{"line":19,"column":22},"end":{"line":19,"column":29}},"loc":{"start":{"line":19,"column":29},"end":{"line":31,"column":null}},"line":19},"2":{"name":"(anonymous_2)","decl":{"start":{"line":34,"column":23},"end":{"line":34,"column":30}},"loc":{"start":{"line":34,"column":30},"end":{"line":54,"column":null}},"line":34}},"branchMap":{"0":{"loc":{"start":{"line":20,"column":4},"end":{"line":23,"column":null}},"type":"if","locations":[{"start":{"line":20,"column":4},"end":{"line":23,"column":null}},{"start":{},"end":{}}],"line":20},"1":{"loc":{"start":{"line":39,"column":4},"end":{"line":39,"column":null}},"type":"if","locations":[{"start":{"line":39,"column":4},"end":{"line":39,"column":null}},{"start":{},"end":{}}],"line":39},"2":{"loc":{"start":{"line":42,"column":4},"end":{"line":42,"column":null}},"type":"if","locations":[{"start":{"line":42,"column":4},"end":{"line":42,"column":null}},{"start":{},"end":{}}],"line":42}},"s":{"0":2,"1":21,"2":21,"3":21,"4":21,"5":2,"6":1,"7":1,"8":1,"9":1,"10":1,"11":1,"12":21,"13":13,"14":13,"15":0,"16":13,"17":1,"18":12,"19":12,"20":12,"21":12,"22":12,"23":21},"f":{"0":21,"1":2,"2":13},"b":{"0":[1,1],"1":[0,13],"2":[1,12]},"meta":{"lastBranch":3,"lastFunction":3,"lastStatement":24,"seen":{"s:8:23:65:Infinity":0,"f:8:23:8:Infinity":0,"s:10:23:10:Infinity":1,"s:13:47:13:Infinity":2,"s:16:8:16:Infinity":3,"s:19:22:31:Infinity":4,"f:19:22:19:29":1,"b:20:4:23:Infinity:undefined:undefined:undefined:undefined":0,"s:20:4:23:Infinity":5,"s:21:6:21:Infinity":6,"s:22:6:22:Infinity":7,"s:25:17:25:Infinity":8,"s:26:4:26:Infinity":9,"s:29:4:29:Infinity":10,"s:30:4:30:Infinity":11,"s:34:23:54:Infinity":12,"f:34:23:34:30":2,"s:36:4:36:Infinity":13,"b:39:4:39:Infinity:undefined:undefined:undefined:undefined":1,"s:39:4:39:Infinity":14,"s:39:29:39:Infinity":15,"b:42:4:42:Infinity:undefined:undefined:undefined:undefined":2,"s:42:4:42:Infinity":16,"s:42:43:42:Infinity":17,"s:45:4:45:Infinity":18,"s:48:17:48:Infinity":19,"s:49:4:49:Infinity":20,"s:52:4:52:Infinity":21,"s:53:4:53:Infinity":22,"s:56:2:64:Infinity":23}}}
,"/home/martin/Code/React-Course/gifs-app/src/shared/components/CustomHeader.tsx": {"path":"/home/martin/Code/React-Course/gifs-app/src/shared/components/CustomHeader.tsx","statementMap":{"0":{"start":{"line":6,"column":28},"end":{"line":13,"column":null}}},"fnMap":{"0":{"name":"(anonymous_0)","decl":{"start":{"line":6,"column":28},"end":{"line":6,"column":29}},"loc":{"start":{"line":6,"column":70},"end":{"line":13,"column":null}},"line":6}},"branchMap":{},"s":{"0":2},"f":{"0":3},"b":{},"meta":{"lastBranch":0,"lastFunction":1,"lastStatement":1,"seen":{"s:6:28:13:Infinity":0,"f:6:28:6:29":0}}}
,"/home/martin/Code/React-Course/gifs-app/src/shared/components/SearchBar.tsx": {"path":"/home/martin/Code/React-Course/gifs-app/src/shared/components/SearchBar.tsx","statementMap":{"0":{"start":{"line":9,"column":25},"end":{"line":62,"column":null}},"1":{"start":{"line":13,"column":27},"end":{"line":13,"column":null}},"2":{"start":{"line":14,"column":47},"end":{"line":14,"column":null}},"3":{"start":{"line":28,"column":23},"end":{"line":43,"column":null}},"4":{"start":{"line":30,"column":4},"end":{"line":30,"column":null}},"5":{"start":{"line":33,"column":4},"end":{"line":33,"column":null}},"6":{"start":{"line":33,"column":30},"end":{"line":33,"column":null}},"7":{"start":{"line":36,"column":4},"end":{"line":36,"column":null}},"8":{"start":{"line":36,"column":44},"end":{"line":36,"column":null}},"9":{"start":{"line":39,"column":4},"end":{"line":39,"column":null}},"10":{"start":{"line":41,"column":4},"end":{"line":41,"column":null}},"11":{"start":{"line":42,"column":4},"end":{"line":42,"column":null}},"12":{"start":{"line":44,"column":24},"end":{"line":48,"column":null}},"13":{"start":{"line":45,"column":4},"end":{"line":47,"column":null}},"14":{"start":{"line":46,"column":6},"end":{"line":46,"column":null}},"15":{"start":{"line":56,"column":25},"end":{"line":56,"column":null}},"16":{"start":{"line":59,"column":29},"end":{"line":59,"column":51}}},"fnMap":{"0":{"name":"(anonymous_0)","decl":{"start":{"line":9,"column":25},"end":{"line":9,"column":26}},"loc":{"start":{"line":12,"column":17},"end":{"line":62,"column":null}},"line":12},"1":{"name":"(anonymous_1)","decl":{"start":{"line":28,"column":23},"end":{"line":28,"column":24}},"loc":{"start":{"line":28,"column":24},"end":{"line":43,"column":null}},"line":28},"2":{"name":"(anonymous_2)","decl":{"start":{"line":44,"column":24},"end":{"line":44,"column":25}},"loc":{"start":{"line":44,"column":25},"end":{"line":48,"column":null}},"line":44},"3":{"name":"(anonymous_3)","decl":{"start":{"line":56,"column":18},"end":{"line":56,"column":19}},"loc":{"start":{"line":56,"column":25},"end":{"line":56,"column":null}},"line":56},"4":{"name":"(anonymous_4)","decl":{"start":{"line":59,"column":23},"end":{"line":59,"column":29}},"loc":{"start":{"line":59,"column":29},"end":{"line":59,"column":51}},"line":59}},"branchMap":{"0":{"loc":{"start":{"line":10,"column":2},"end":{"line":10,"column":24}},"type":"default-arg","locations":[{"start":{"line":10,"column":16},"end":{"line":10,"column":24}}],"line":10},"1":{"loc":{"start":{"line":33,"column":4},"end":{"line":33,"column":null}},"type":"if","locations":[{"start":{"line":33,"column":4},"end":{"line":33,"column":null}},{"start":{},"end":{}}],"line":33},"2":{"loc":{"start":{"line":36,"column":4},"end":{"line":36,"column":null}},"type":"if","locations":[{"start":{"line":36,"column":4},"end":{"line":36,"column":null}},{"start":{},"end":{}}],"line":36},"3":{"loc":{"start":{"line":45,"column":4},"end":{"line":47,"column":null}},"type":"if","locations":[{"start":{"line":45,"column":4},"end":{"line":47,"column":null}},{"start":{},"end":{}}],"line":45}},"s":{"0":1,"1":1,"2":1,"3":1,"4":0,"5":0,"6":0,"7":0,"8":0,"9":0,"10":0,"11":0,"12":1,"13":0,"14":0,"15":0,"16":0},"f":{"0":1,"1":0,"2":0,"3":0,"4":0},"b":{"0":[1],"1":[0,0],"2":[0,0],"3":[0,0]},"meta":{"lastBranch":4,"lastFunction":5,"lastStatement":17,"seen":{"s:9:25:62:Infinity":0,"f:9:25:9:26":0,"b:10:16:10:24":0,"s:13:27:13:Infinity":1,"s:14:47:14:Infinity":2,"s:28:23:43:Infinity":3,"f:28:23:28:24":1,"s:30:4:30:Infinity":4,"b:33:4:33:Infinity:undefined:undefined:undefined:undefined":1,"s:33:4:33:Infinity":5,"s:33:30:33:Infinity":6,"b:36:4:36:Infinity:undefined:undefined:undefined:undefined":2,"s:36:4:36:Infinity":7,"s:36:44:36:Infinity":8,"s:39:4:39:Infinity":9,"s:41:4:41:Infinity":10,"s:42:4:42:Infinity":11,"s:44:24:48:Infinity":12,"f:44:24:44:25":2,"b:45:4:47:Infinity:undefined:undefined:undefined:undefined":3,"s:45:4:47:Infinity":13,"s:46:6:46:Infinity":14,"f:56:18:56:19":3,"s:56:25:56:Infinity":15,"f:59:23:59:29":4,"s:59:29:59:51":16}}}
,"/home/martin/Code/React-Course/gifs-app/src/tests/mocks/giphy.mock.ts": {"path":"/home/martin/Code/React-Course/gifs-app/src/tests/mocks/giphy.mock.ts","statementMap":{"0":{"start":{"line":1,"column":33},"end":{"line":25,"column":null}}},"fnMap":{},"branchMap":{},"s":{"0":1},"f":{},"b":{},"meta":{"lastBranch":0,"lastFunction":0,"lastStatement":1,"seen":{"s:1:33:25:Infinity":0}}}
}
