{"/home/martin/Code/React-Course/first-steps/src/FirstStepsApp.tsx": {"path":"/home/martin/Code/React-Course/first-steps/src/FirstStepsApp.tsx","statementMap":{"0":{"start":{"line":10,"column":28},"end":{"line":18,"column":null}}},"fnMap":{"0":{"name":"FirstStepsApp","decl":{"start":{"line":20,"column":16},"end":{"line":20,"column":null}},"loc":{"start":{"line":20,"column":16},"end":{"line":29,"column":null}},"line":20}},"branchMap":{},"s":{"0":1},"f":{"0":2},"b":{},"meta":{"lastBranch":0,"lastFunction":1,"lastStatement":1,"seen":{"s:10:28:18:Infinity":0,"f:20:16:20:Infinity":0}}}
,"/home/martin/Code/React-Course/first-steps/src/component/TitleApp.tsx": {"path":"/home/martin/Code/React-Course/first-steps/src/component/TitleApp.tsx","statementMap":{},"fnMap":{"0":{"name":"TitleApp","decl":{"start":{"line":1,"column":16},"end":{"line":1,"column":null}},"loc":{"start":{"line":1,"column":16},"end":{"line":7,"column":null}},"line":1}},"branchMap":{},"s":{},"f":{"0":2},"b":{},"meta":{"lastBranch":0,"lastFunction":1,"lastStatement":0,"seen":{"f:1:16:1:Infinity":0}}}
,"/home/martin/Code/React-Course/first-steps/src/component/item-counter/ItemCounter.css": {"path":"/home/martin/Code/React-Course/first-steps/src/component/item-counter/ItemCounter.css","statementMap":{},"fnMap":{},"branchMap":{},"s":{},"f":{},"b":{},"meta":{"lastBranch":0,"lastFunction":0,"lastStatement":0,"seen":{}}}
,"/home/martin/Code/React-Course/first-steps/src/component/item-counter/ItemCounter.tsx": {"path":"/home/martin/Code/React-Course/first-steps/src/component/item-counter/ItemCounter.tsx","statementMap":{"0":{"start":{"line":11,"column":16},"end":{"line":43,"column":null}},"1":{"start":{"line":13,"column":31},"end":{"line":13,"column":null}},"2":{"start":{"line":15,"column":26},"end":{"line":20,"column":null}},"3":{"start":{"line":17,"column":4},"end":{"line":19,"column":null}},"4":{"start":{"line":18,"column":6},"end":{"line":18,"column":null}},"5":{"start":{"line":22,"column":26},"end":{"line":24,"column":null}},"6":{"start":{"line":23,"column":4},"end":{"line":23,"column":null}},"7":{"start":{"line":46,"column":27},"end":{"line":48,"column":null}}},"fnMap":{"0":{"name":"(anonymous_0)","decl":{"start":{"line":11,"column":16},"end":{"line":11,"column":17}},"loc":{"start":{"line":11,"column":17},"end":{"line":43,"column":null}},"line":11},"1":{"name":"(anonymous_1)","decl":{"start":{"line":15,"column":26},"end":{"line":15,"column":null}},"loc":{"start":{"line":15,"column":26},"end":{"line":20,"column":null}},"line":15},"2":{"name":"(anonymous_2)","decl":{"start":{"line":22,"column":26},"end":{"line":22,"column":null}},"loc":{"start":{"line":22,"column":26},"end":{"line":24,"column":null}},"line":22},"3":{"name":"(anonymous_3)","decl":{"start":{"line":46,"column":27},"end":{"line":46,"column":28}},"loc":{"start":{"line":46,"column":28},"end":{"line":48,"column":null}},"line":46}},"branchMap":{"0":{"loc":{"start":{"line":17,"column":4},"end":{"line":19,"column":null}},"type":"if","locations":[{"start":{"line":17,"column":4},"end":{"line":19,"column":null}},{"start":{},"end":{}}],"line":17},"1":{"loc":{"start":{"line":30,"column":24},"end":{"line":30,"column":57}},"type":"cond-expr","locations":[{"start":{"line":30,"column":41},"end":{"line":30,"column":49}},{"start":{"line":30,"column":49},"end":{"line":30,"column":57}}],"line":30}},"s":{"0":1,"1":8,"2":8,"3":1,"4":1,"5":8,"6":1,"7":1},"f":{"0":8,"1":1,"2":1,"3":6},"b":{"0":[1,0],"1":[2,6]},"meta":{"lastBranch":2,"lastFunction":4,"lastStatement":8,"seen":{"s:11:16:43:Infinity":0,"f:11:16:11:17":0,"s:13:31:13:Infinity":1,"s:15:26:20:Infinity":2,"f:15:26:15:Infinity":1,"b:17:4:19:Infinity:undefined:undefined:undefined:undefined":0,"s:17:4:19:Infinity":3,"s:18:6:18:Infinity":4,"s:22:26:24:Infinity":5,"f:22:26:22:Infinity":2,"s:23:4:23:Infinity":6,"b:30:41:30:49:30:49:30:57":1,"s:46:27:48:Infinity":7,"f:46:27:46:28":3}}}
,"/home/martin/Code/React-Course/first-steps/src/helpers/math.helper.ts": {"path":"/home/martin/Code/React-Course/first-steps/src/helpers/math.helper.ts","statementMap":{"0":{"start":{"line":3,"column":24},"end":{"line":3,"column":null}},"1":{"start":{"line":3,"column":50},"end":{"line":3,"column":null}},"2":{"start":{"line":5,"column":28},"end":{"line":5,"column":null}},"3":{"start":{"line":5,"column":54},"end":{"line":5,"column":null}},"4":{"start":{"line":7,"column":30},"end":{"line":7,"column":null}},"5":{"start":{"line":7,"column":56},"end":{"line":7,"column":null}},"6":{"start":{"line":9,"column":24},"end":{"line":14,"column":null}},"7":{"start":{"line":10,"column":4},"end":{"line":12,"column":null}},"8":{"start":{"line":11,"column":8},"end":{"line":11,"column":null}},"9":{"start":{"line":13,"column":4},"end":{"line":13,"column":null}}},"fnMap":{"0":{"name":"(anonymous_0)","decl":{"start":{"line":3,"column":24},"end":{"line":3,"column":25}},"loc":{"start":{"line":3,"column":50},"end":{"line":3,"column":null}},"line":3},"1":{"name":"(anonymous_1)","decl":{"start":{"line":5,"column":28},"end":{"line":5,"column":29}},"loc":{"start":{"line":5,"column":54},"end":{"line":5,"column":null}},"line":5},"2":{"name":"(anonymous_2)","decl":{"start":{"line":7,"column":30},"end":{"line":7,"column":31}},"loc":{"start":{"line":7,"column":56},"end":{"line":7,"column":null}},"line":7},"3":{"name":"(anonymous_3)","decl":{"start":{"line":9,"column":24},"end":{"line":9,"column":25}},"loc":{"start":{"line":9,"column":36},"end":{"line":14,"column":null}},"line":9}},"branchMap":{"0":{"loc":{"start":{"line":10,"column":4},"end":{"line":12,"column":null}},"type":"if","locations":[{"start":{"line":10,"column":4},"end":{"line":12,"column":null}},{"start":{},"end":{}}],"line":10}},"s":{"0":1,"1":2,"2":1,"3":2,"4":1,"5":2,"6":1,"7":3,"8":1,"9":2},"f":{"0":2,"1":2,"2":2,"3":3},"b":{"0":[1,2]},"meta":{"lastBranch":1,"lastFunction":4,"lastStatement":10,"seen":{"s:3:24:3:Infinity":0,"f:3:24:3:25":0,"s:3:50:3:Infinity":1,"s:5:28:5:Infinity":2,"f:5:28:5:29":1,"s:5:54:5:Infinity":3,"s:7:30:7:Infinity":4,"f:7:30:7:31":2,"s:7:56:7:Infinity":5,"s:9:24:14:Infinity":6,"f:9:24:9:25":3,"b:10:4:12:Infinity:undefined:undefined:undefined:undefined":0,"s:10:4:12:Infinity":7,"s:11:8:11:Infinity":8,"s:13:4:13:Infinity":9}}}
}
